<?xml version="1.0" encoding="UTF-8"?>
<testsuites name="TS_RegressionTest" time="13" tests="1" failures="0" errors="0">
   <testsuite name="TS_RegressionTest" tests="1" failures="0" errors="0" time="13" timestamp="2018-06-17 16:59:04" hostname="Zulfaquar - DESKTOP-I3VEVNM" id="Test Suites/TS_RegressionTest">
      <properties>
         <property name="deviceName" value=""/>
         <property name="devicePlatform" value=""/>
         <property name="logFolder" value="D:\\KatalonStudio\\KatalonSamplePoc\\SampleProject\\Reports\\TS_RegressionTest\\20180617_165901"/>
         <property name="logFiles" value="D:\\KatalonStudio\\KatalonSamplePoc\\SampleProject\\Reports\\TS_RegressionTest\\20180617_165901\\execution0.log"/>
         <property name="attachments" value=""/>
         <property name="hostName" value="Zulfaquar - DESKTOP-I3VEVNM"/>
         <property name="os" value="Windows 10 64bit"/>
         <property name="katalonVersion" value="5.4.2.1"/>
         <property name="browser" value="Chrome 67.0.3396.87"/>
         <property name="hostAddress" value="192.168.1.6"/>
         <property name="sessionId" value="52e756fdf1480e5baba77598a0a0eb4f"/>
         <property name="seleniumVersion" value="3.7.1"/>
         <property name="proxyInformation" value="ProxyInformation{proxyOption=NO_PROXY, proxyServerType=HTTP, password=, proxyServerAddress=, proxyServerPort=0}"/>
         <property name="platform" value="Windows 10"/>
      </properties>
      <testcase name="Test Cases/Main Test Cases/TC1_Verify Successful Login" classname="Test Cases/Main Test Cases/TC1_Verify Successful Login" status="PASSED">
         <system-out><![CDATA[2018-06-17 16:59:05 - [TEST_CASE][PASSED] - Test Cases/Main Test Cases/TC1_Verify Successful Login: Test Cases/Main Test Cases/TC1_Verify Successful Login

2018-06-17 16:59:06 - [TEST_STEP][PASSED] - comment: Story: Login to CURA system

2018-06-17 16:59:06 - [TEST_STEP][PASSED] - comment: Given that the user has the valid login information

2018-06-17 16:59:06 - [TEST_STEP][PASSED] - openBrowser: Browser is opened with url: 'http://demoaut.katalon.com'

2018-06-17 16:59:12 - [MESSAGE][PASSED] - Browser is opened with url: 'http://demoaut.katalon.com'

2018-06-17 16:59:12 - [TEST_STEP][PASSED] - click: Object: 'Object Repository/Page_CuraHomepage/btn_MakeAppointment' is clicked on

2018-06-17 16:59:13 - [MESSAGE][PASSED] - Object: 'Object Repository/Page_CuraHomepage/btn_MakeAppointment' is clicked on

2018-06-17 16:59:13 - [TEST_STEP][PASSED] - waitForElementVisible: Object 'Object Repository/Page_Login/txt_UserName' is visible

2018-06-17 16:59:13 - [MESSAGE][PASSED] - Object 'Object Repository/Page_Login/txt_UserName' is visible

2018-06-17 16:59:13 - [TEST_STEP][PASSED] - setText: Text 'John Doe' is set on object 'Object Repository/Page_Login/txt_UserName'

2018-06-17 16:59:14 - [MESSAGE][PASSED] - Text 'John Doe' is set on object 'Object Repository/Page_Login/txt_UserName'

2018-06-17 16:59:14 - [TEST_STEP][PASSED] - setText: Text 'ThisIsNotAPassword' is set on object 'Object Repository/Page_Login/txt_Password'

2018-06-17 16:59:14 - [MESSAGE][PASSED] - Text 'ThisIsNotAPassword' is set on object 'Object Repository/Page_Login/txt_Password'

2018-06-17 16:59:14 - [TEST_STEP][PASSED] - comment: When he logins to CURA system

2018-06-17 16:59:14 - [TEST_STEP][PASSED] - click: Object: 'Object Repository/Page_Login/btn_Login' is clicked on

2018-06-17 16:59:16 - [MESSAGE][PASSED] - Object: 'Object Repository/Page_Login/btn_Login' is clicked on

2018-06-17 16:59:16 - [TEST_STEP][PASSED] - comment: Then he should be able to login successfully

2018-06-17 16:59:16 - [TEST_STEP][PASSED] - Statement - landingPage = com.kms.katalon.core.webui.keyword.WebUiBuiltInKeywords.verifyElementPresent(com.kms.katalon.core.testobject.ObjectRepository.findTestObject(Page_CuraAppointment/div_Appointment), G_Timeout): Object 'Object Repository/Page_CuraAppointment/div_Appointment' is present

2018-06-17 16:59:16 - [MESSAGE][PASSED] - Object 'Object Repository/Page_CuraAppointment/div_Appointment' is present

2018-06-17 16:59:16 - [TEST_STEP][PASSED] - closeBrowser: Browser is closed

2018-06-17 16:59:17 - [MESSAGE][PASSED] - Browser is closed]]></system-out>
         <system-err><![CDATA[]]></system-err>
      </testcase>
      <system-out><![CDATA[2018-06-17 16:59:04 - [TEST_SUITE][PASSED] - TS_RegressionTest: Test Cases/Main Test Cases/TC1_Verify Successful Login]]></system-out>
      <system-err><![CDATA[]]></system-err>
   </testsuite>
</testsuites>
